0 info it worked if it ends with ok
1 verbose cli [ '/Users/xyd/.nvm/versions/node/v6.5.0/bin/node',
1 verbose cli   '/Users/xyd/.nvm/versions/node/v6.5.0/bin/npm',
1 verbose cli   'run',
1 verbose cli   'test' ]
2 info using npm@3.10.3
3 info using node@v6.5.0
4 verbose run-script [ 'pretest', 'test', 'posttest' ]
5 info lifecycle myapp@0.0.0~pretest: myapp@0.0.0
6 silly lifecycle myapp@0.0.0~pretest: no script for pretest, continuing
7 info lifecycle myapp@0.0.0~test: myapp@0.0.0
8 verbose lifecycle myapp@0.0.0~test: unsafe-perm in lifecycle true
9 verbose lifecycle myapp@0.0.0~test: PATH: /Users/xyd/.nvm/versions/node/v6.5.0/lib/node_modules/npm/bin/node-gyp-bin:/Users/xyd/Desktop/projects/sample/node_modules/.bin:/Users/xyd/.nvm/versions/node/v6.5.0/bin:/Users/xyd/.nvm/versions/node/v6.5.0/bin:/usr/local/Cellar/springboot/1.4.1.RELEASE/bin:/Users/xyd/Library/Python/3.5/lib/python/site-packages:/Library/Java/JavaVirtualMachines/jdk1.8.0_77.jdk/Contents/Home/bin:/usr/local/mongodb/bin:/usr/local/bin:/usr/bin:/bin:/usr/sbin:/sbin:/usr/local/apache-maven-3.3.9/bin:/usr/local/mysql-5.7.11-osx10.9-x86_64/bin:/usr/local/share/scala/bin
10 verbose lifecycle myapp@0.0.0~test: CWD: /Users/xyd/Desktop/projects/sample
11 silly lifecycle myapp@0.0.0~test: Args: [ '-c', 'mocha ./__test__/test.js' ]
12 silly lifecycle myapp@0.0.0~test: Returned: code: 1  signal: null
13 info lifecycle myapp@0.0.0~test: Failed to exec test script
14 verbose stack Error: myapp@0.0.0 test: `mocha ./__test__/test.js`
14 verbose stack Exit status 1
14 verbose stack     at EventEmitter.<anonymous> (/Users/xyd/.nvm/versions/node/v6.5.0/lib/node_modules/npm/lib/utils/lifecycle.js:242:16)
14 verbose stack     at emitTwo (events.js:106:13)
14 verbose stack     at EventEmitter.emit (events.js:191:7)
14 verbose stack     at ChildProcess.<anonymous> (/Users/xyd/.nvm/versions/node/v6.5.0/lib/node_modules/npm/lib/utils/spawn.js:40:14)
14 verbose stack     at emitTwo (events.js:106:13)
14 verbose stack     at ChildProcess.emit (events.js:191:7)
14 verbose stack     at maybeClose (internal/child_process.js:877:16)
14 verbose stack     at Process.ChildProcess._handle.onexit (internal/child_process.js:226:5)
15 verbose pkgid myapp@0.0.0
16 verbose cwd /Users/xyd/Desktop/projects/sample
17 error Darwin 15.3.0
18 error argv "/Users/xyd/.nvm/versions/node/v6.5.0/bin/node" "/Users/xyd/.nvm/versions/node/v6.5.0/bin/npm" "run" "test"
19 error node v6.5.0
20 error npm  v3.10.3
21 error code ELIFECYCLE
22 error myapp@0.0.0 test: `mocha ./__test__/test.js`
22 error Exit status 1
23 error Failed at the myapp@0.0.0 test script 'mocha ./__test__/test.js'.
23 error Make sure you have the latest version of node.js and npm installed.
23 error If you do, this is most likely a problem with the myapp package,
23 error not with npm itself.
23 error Tell the author that this fails on your system:
23 error     mocha ./__test__/test.js
23 error You can get information on how to open an issue for this project with:
23 error     npm bugs myapp
23 error Or if that isn't available, you can get their info via:
23 error     npm owner ls myapp
23 error There is likely additional logging output above.
24 verbose exit [ 1, true ]
